Error: Cannot find module 'typedarray-to-buffer'
    at Function.Module._resolveFilename (module.js:536:15)
    at Function.Module._load (module.js:466:25)
    at Module.require (module.js:579:17)
    at require (internal/module.js:11:18)
    at Object.<anonymous> (/_mydata/server/vue-study/007practice-vue-webpack-music/server-src/node_modules/websocket/lib/W3CWebSocket.js:18:16)
    at Module._compile (module.js:635:30)
    at Object.Module._extensions..js (module.js:646:10)
    at Module.load (module.js:554:32)
    at tryModuleLoad (module.js:497:12)
    at Function.Module._load (module.js:489:3)
Error: Cannot find module 'typedarray-to-buffer'
    at Function.Module._resolveFilename (module.js:536:15)
    at Function.Module._load (module.js:466:25)
    at Module.require (module.js:579:17)
    at require (internal/module.js:11:18)
    at Object.<anonymous> (/_mydata/server/vue-study/007practice-vue-webpack-music/server-src/node_modules/websocket/lib/W3CWebSocket.js:18:16)
    at Module._compile (module.js:635:30)
    at Object.Module._extensions..js (module.js:646:10)
    at Module.load (module.js:554:32)
    at tryModuleLoad (module.js:497:12)
    at Function.Module._load (module.js:489:3)
Error: Cannot find module 'typedarray-to-buffer'
    at Function.Module._resolveFilename (module.js:536:15)
    at Function.Module._load (module.js:466:25)
    at Module.require (module.js:579:17)
    at require (internal/module.js:11:18)
    at Object.<anonymous> (/_mydata/server/vue-study/007practice-vue-webpack-music/server-src/node_modules/websocket/lib/W3CWebSocket.js:18:16)
    at Module._compile (module.js:635:30)
    at Object.Module._extensions..js (module.js:646:10)
    at Module.load (module.js:554:32)
    at tryModuleLoad (module.js:497:12)
    at Function.Module._load (module.js:489:3)
Error: Cannot find module 'typedarray-to-buffer'
    at Function.Module._resolveFilename (module.js:536:15)
    at Function.Module._load (module.js:466:25)
    at Module.require (module.js:579:17)
    at require (internal/module.js:11:18)
    at Object.<anonymous> (/_mydata/server/vue-study/007practice-vue-webpack-music/server-src/node_modules/websocket/lib/W3CWebSocket.js:18:16)
    at Module._compile (module.js:635:30)
    at Object.Module._extensions..js (module.js:646:10)
    at Module.load (module.js:554:32)
    at tryModuleLoad (module.js:497:12)
    at Function.Module._load (module.js:489:3)
Error: Cannot find module 'typedarray-to-buffer'
    at Function.Module._resolveFilename (module.js:536:15)
    at Function.Module._load (module.js:466:25)
    at Module.require (module.js:579:17)
    at require (internal/module.js:11:18)
    at Object.<anonymous> (/_mydata/server/vue-study/007practice-vue-webpack-music/server-src/node_modules/websocket/lib/W3CWebSocket.js:18:16)
    at Module._compile (module.js:635:30)
    at Object.Module._extensions..js (module.js:646:10)
    at Module.load (module.js:554:32)
    at tryModuleLoad (module.js:497:12)
    at Function.Module._load (module.js:489:3)
Error: Cannot find module 'typedarray-to-buffer'
    at Function.Module._resolveFilename (module.js:536:15)
    at Function.Module._load (module.js:466:25)
    at Module.require (module.js:579:17)
    at require (internal/module.js:11:18)
    at Object.<anonymous> (/_mydata/server/vue-study/007practice-vue-webpack-music/server-src/node_modules/websocket/lib/W3CWebSocket.js:18:16)
    at Module._compile (module.js:635:30)
    at Object.Module._extensions..js (module.js:646:10)
    at Module.load (module.js:554:32)
    at tryModuleLoad (module.js:497:12)
    at Function.Module._load (module.js:489:3)
Error: Cannot find module 'typedarray-to-buffer'
    at Function.Module._resolveFilename (module.js:536:15)
    at Function.Module._load (module.js:466:25)
    at Module.require (module.js:579:17)
    at require (internal/module.js:11:18)
    at Object.<anonymous> (/_mydata/server/vue-study/007practice-vue-webpack-music/server-src/node_modules/websocket/lib/W3CWebSocket.js:18:16)
    at Module._compile (module.js:635:30)
    at Object.Module._extensions..js (module.js:646:10)
    at Module.load (module.js:554:32)
    at tryModuleLoad (module.js:497:12)
    at Function.Module._load (module.js:489:3)
Error: Cannot find module 'typedarray-to-buffer'
    at Function.Module._resolveFilename (module.js:536:15)
    at Function.Module._load (module.js:466:25)
    at Module.require (module.js:579:17)
    at require (internal/module.js:11:18)
    at Object.<anonymous> (/_mydata/server/vue-study/007practice-vue-webpack-music/server-src/node_modules/websocket/lib/W3CWebSocket.js:18:16)
    at Module._compile (module.js:635:30)
    at Object.Module._extensions..js (module.js:646:10)
    at Module.load (module.js:554:32)
    at tryModuleLoad (module.js:497:12)
    at Function.Module._load (module.js:489:3)
Error: Cannot find module 'typedarray-to-buffer'
    at Function.Module._resolveFilename (module.js:536:15)
    at Function.Module._load (module.js:466:25)
    at Module.require (module.js:579:17)
    at require (internal/module.js:11:18)
    at Object.<anonymous> (/_mydata/server/vue-study/007practice-vue-webpack-music/server-src/node_modules/websocket/lib/W3CWebSocket.js:18:16)
    at Module._compile (module.js:635:30)
    at Object.Module._extensions..js (module.js:646:10)
    at Module.load (module.js:554:32)
    at tryModuleLoad (module.js:497:12)
    at Function.Module._load (module.js:489:3)
Error: Cannot find module 'typedarray-to-buffer'
    at Function.Module._resolveFilename (module.js:536:15)
    at Function.Module._load (module.js:466:25)
    at Module.require (module.js:579:17)
    at require (internal/module.js:11:18)
    at Object.<anonymous> (/_mydata/server/vue-study/007practice-vue-webpack-music/server-src/node_modules/websocket/lib/W3CWebSocket.js:18:16)
    at Module._compile (module.js:635:30)
    at Object.Module._extensions..js (module.js:646:10)
    at Module.load (module.js:554:32)
    at tryModuleLoad (module.js:497:12)
    at Function.Module._load (module.js:489:3)
Error: Cannot find module '/_mydata/server/vue-study/007practice-vue-webpack-music/server-src/app.js'
    at Function.Module._resolveFilename (module.js:536:15)
    at Function.Module._load (module.js:466:25)
    at Object.<anonymous> (/_mydata/node-v8.9.3-linux-x64/lib/node_modules/pm2/lib/ProcessContainerFork.js:83:21)
    at Module._compile (module.js:635:30)
    at Object.Module._extensions..js (module.js:646:10)
    at Module.load (module.js:554:32)
    at tryModuleLoad (module.js:497:12)
    at Function.Module._load (module.js:489:3)
    at Function.Module.runMain (module.js:676:10)
    at startup (bootstrap_node.js:187:16)
Error: Cannot find module '/_mydata/server/vue-study/007practice-vue-webpack-music/server-src/app.js'
    at Function.Module._resolveFilename (module.js:536:15)
    at Function.Module._load (module.js:466:25)
    at Object.<anonymous> (/_mydata/node-v8.9.3-linux-x64/lib/node_modules/pm2/lib/ProcessContainerFork.js:83:21)
    at Module._compile (module.js:635:30)
    at Object.Module._extensions..js (module.js:646:10)
    at Module.load (module.js:554:32)
    at tryModuleLoad (module.js:497:12)
    at Function.Module._load (module.js:489:3)
    at Function.Module.runMain (module.js:676:10)
    at startup (bootstrap_node.js:187:16)
Error: Cannot find module '/_mydata/server/vue-study/007practice-vue-webpack-music/server-src/app.js'
    at Function.Module._resolveFilename (module.js:536:15)
    at Function.Module._load (module.js:466:25)
    at Object.<anonymous> (/_mydata/node-v8.9.3-linux-x64/lib/node_modules/pm2/lib/ProcessContainerFork.js:83:21)
    at Module._compile (module.js:635:30)
    at Object.Module._extensions..js (module.js:646:10)
    at Module.load (module.js:554:32)
    at tryModuleLoad (module.js:497:12)
    at Function.Module._load (module.js:489:3)
    at Function.Module.runMain (module.js:676:10)
    at startup (bootstrap_node.js:187:16)
Error: Cannot find module '/_mydata/server/vue-study/007practice-vue-webpack-music/server-src/app.js'
    at Function.Module._resolveFilename (module.js:536:15)
    at Function.Module._load (module.js:466:25)
    at Object.<anonymous> (/_mydata/node-v8.9.3-linux-x64/lib/node_modules/pm2/lib/ProcessContainerFork.js:83:21)
    at Module._compile (module.js:635:30)
    at Object.Module._extensions..js (module.js:646:10)
    at Module.load (module.js:554:32)
    at tryModuleLoad (module.js:497:12)
    at Function.Module._load (module.js:489:3)
    at Function.Module.runMain (module.js:676:10)
    at startup (bootstrap_node.js:187:16)
Error: Cannot find module '/_mydata/server/vue-study/007practice-vue-webpack-music/server-src/app.js'
    at Function.Module._resolveFilename (module.js:536:15)
    at Function.Module._load (module.js:466:25)
    at Object.<anonymous> (/_mydata/node-v8.9.3-linux-x64/lib/node_modules/pm2/lib/ProcessContainerFork.js:83:21)
    at Module._compile (module.js:635:30)
    at Object.Module._extensions..js (module.js:646:10)
    at Module.load (module.js:554:32)
    at tryModuleLoad (module.js:497:12)
    at Function.Module._load (module.js:489:3)
    at Function.Module.runMain (module.js:676:10)
    at startup (bootstrap_node.js:187:16)
Error: Cannot find module '/_mydata/server/vue-study/007practice-vue-webpack-music/server-src/app.js'
    at Function.Module._resolveFilename (module.js:536:15)
    at Function.Module._load (module.js:466:25)
    at Object.<anonymous> (/_mydata/node-v8.9.3-linux-x64/lib/node_modules/pm2/lib/ProcessContainerFork.js:83:21)
    at Module._compile (module.js:635:30)
    at Object.Module._extensions..js (module.js:646:10)
    at Module.load (module.js:554:32)
    at tryModuleLoad (module.js:497:12)
    at Function.Module._load (module.js:489:3)
    at Function.Module.runMain (module.js:676:10)
    at startup (bootstrap_node.js:187:16)
Error: Cannot find module '/_mydata/server/vue-study/007practice-vue-webpack-music/server-src/app.js'
    at Function.Module._resolveFilename (module.js:536:15)
    at Function.Module._load (module.js:466:25)
    at Object.<anonymous> (/_mydata/node-v8.9.3-linux-x64/lib/node_modules/pm2/lib/ProcessContainerFork.js:83:21)
    at Module._compile (module.js:635:30)
    at Object.Module._extensions..js (module.js:646:10)
    at Module.load (module.js:554:32)
    at tryModuleLoad (module.js:497:12)
    at Function.Module._load (module.js:489:3)
    at Function.Module.runMain (module.js:676:10)
    at startup (bootstrap_node.js:187:16)
Error: Cannot find module '/_mydata/server/vue-study/007practice-vue-webpack-music/server-src/app.js'
    at Function.Module._resolveFilename (module.js:536:15)
    at Function.Module._load (module.js:466:25)
    at Object.<anonymous> (/_mydata/node-v8.9.3-linux-x64/lib/node_modules/pm2/lib/ProcessContainerFork.js:83:21)
    at Module._compile (module.js:635:30)
    at Object.Module._extensions..js (module.js:646:10)
    at Module.load (module.js:554:32)
    at tryModuleLoad (module.js:497:12)
    at Function.Module._load (module.js:489:3)
    at Function.Module.runMain (module.js:676:10)
    at startup (bootstrap_node.js:187:16)
Error: Cannot find module '/_mydata/server/vue-study/007practice-vue-webpack-music/server-src/app.js'
    at Function.Module._resolveFilename (module.js:536:15)
    at Function.Module._load (module.js:466:25)
    at Object.<anonymous> (/_mydata/node-v8.9.3-linux-x64/lib/node_modules/pm2/lib/ProcessContainerFork.js:83:21)
    at Module._compile (module.js:635:30)
    at Object.Module._extensions..js (module.js:646:10)
    at Module.load (module.js:554:32)
    at tryModuleLoad (module.js:497:12)
    at Function.Module._load (module.js:489:3)
    at Function.Module.runMain (module.js:676:10)
    at startup (bootstrap_node.js:187:16)
Error: Cannot find module '/_mydata/server/vue-study/007practice-vue-webpack-music/server-src/app.js'
    at Function.Module._resolveFilename (module.js:536:15)
    at Function.Module._load (module.js:466:25)
    at Object.<anonymous> (/_mydata/node-v8.9.3-linux-x64/lib/node_modules/pm2/lib/ProcessContainerFork.js:83:21)
    at Module._compile (module.js:635:30)
    at Object.Module._extensions..js (module.js:646:10)
    at Module.load (module.js:554:32)
    at tryModuleLoad (module.js:497:12)
    at Function.Module._load (module.js:489:3)
    at Function.Module.runMain (module.js:676:10)
    at startup (bootstrap_node.js:187:16)
